<?xml version="1.0" encoding="UTF-8"?>
<!-- Generated by org.testng.reporters.JUnitReportReporter -->
<testsuite skipped="0" hostname="AjVivoBook" name="testcases.Testcase1" tests="2" failures="0" timestamp="2021-03-24T21:55:00 IST" time="23.010" errors="0">
  <testcase name="chromeBrowserTest2" time="12.048" classname="testcases.Testcase1"/>
  <system-out/>
  <testcase name="chromeBrowserTest1" time="10.962" classname="testcases.Testcase1"/>
  <system-out/>
</testsuite> <!-- testcases.Testcase1 -->
