<?xml version="1.0" encoding="UTF-8"?>
<!-- Generated by org.testng.reporters.JUnitReportReporter -->
<testsuite skipped="0" hostname="AjVivoBook" name="testcases.Test1" tests="4" failures="0" timestamp="2020-09-22T12:51:12 IST" time="101.311" errors="0">
  <testcase name="getTemparature" time="26.578" classname="testcases.Test1"/>
  <system-out/>
  <testcase name="getTemparature" time="22.795" classname="testcases.Test1"/>
  <system-out/>
  <testcase name="getTemparature" time="25.865" classname="testcases.Test1"/>
  <system-out/>
  <testcase name="getTemparature" time="26.073" classname="testcases.Test1"/>
  <system-out/>
</testsuite> <!-- testcases.Test1 -->
