<?xml version="1.0" encoding="UTF-8"?>
<!-- Generated by org.testng.reporters.JUnitReportReporter -->
<testsuite skipped="0" hostname="AjVivoBook" name="testcases.Testcase2" tests="2" failures="0" timestamp="2021-03-24T21:55:00 IST" time="32.316" errors="0">
  <testcase name="firefoxBrowserTest1" time="12.528" classname="testcases.Testcase2"/>
  <system-out/>
  <testcase name="firefoxBrowserTest2" time="19.788" classname="testcases.Testcase2"/>
  <system-out/>
</testsuite> <!-- testcases.Testcase2 -->
